<?xml version="1.0" encoding="UTF-8"?>
<!-- Generated by org.testng.reporters.JUnitReportReporter -->
<testsuite hostname="C11515-2.local" failures="0" tests="2" name="Test01_GET" time="2.585" errors="0" timestamp="2021-05-28T17:19:40 AST" skipped="0">
  <testcase classname="Test01_GET" name="test_02" time="1.054"/>
  <system-out/>
  <testcase classname="Test01_GET" name="test_01" time="1.531"/>
  <system-out/>
</testsuite> <!-- Test01_GET -->
